<?xml version="1.0" encoding="UTF-8"?>
<testng-results ignored="0" total="3" passed="3" failed="0" skipped="0">
  <reporter-output>
  </reporter-output>
  <suite started-at="2023-04-07T15:42:13 IST" name="Default Suite" finished-at="2023-04-07T15:42:13 IST" duration-ms="45">
    <groups>
    </groups>
    <test started-at="2023-04-07T15:42:13 IST" name="TestNGDemo_Maven" finished-at="2023-04-07T15:42:13 IST" duration-ms="45">
      <class name="TestCases">
        <test-method signature="setup()[pri:0, instance:TestCases@6b53e23f]" started-at="2023-04-07T15:42:13 IST" name="setup" finished-at="2023-04-07T15:42:13 IST" duration-ms="5" status="PASS">
          <reporter-output>
          </reporter-output>
        </test-method> <!-- setup -->
        <test-method signature="teardown()[pri:0, instance:TestCases@6b53e23f]" started-at="2023-04-07T15:42:13 IST" name="teardown" finished-at="2023-04-07T15:42:13 IST" duration-ms="0" status="PASS">
          <reporter-output>
          </reporter-output>
        </test-method> <!-- teardown -->
        <test-method signature="testSteps()[pri:0, instance:TestCases@6b53e23f]" started-at="2023-04-07T15:42:13 IST" name="testSteps" finished-at="2023-04-07T15:42:13 IST" duration-ms="0" status="PASS">
          <reporter-output>
          </reporter-output>
        </test-method> <!-- testSteps -->
      </class> <!-- TestCases -->
    </test> <!-- TestNGDemo_Maven -->
  </suite> <!-- Default Suite -->
</testng-results>
